TN:
SF:src\config\taxRules.js
FNF:0
FNH:0
DA:3,1
DA:13,1
DA:14,1
DA:16,1
LF:4
LH:4
BRF:0
BRH:0
end_of_record
TN:
SF:src\controllers\authController.js
FN:5,(anonymous_0)
FN:46,(anonymous_1)
FN:49,(anonymous_2)
FN:57,(anonymous_3)
FN:98,(anonymous_4)
FN:129,(anonymous_5)
FNF:6
FNH:6
FNDA:2,(anonymous_0)
FNDA:12,(anonymous_1)
FNDA:2,(anonymous_2)
FNDA:6,(anonymous_3)
FNDA:6,(anonymous_4)
FNDA:2,(anonymous_5)
DA:1,1
DA:2,1
DA:3,1
DA:5,1
DA:6,2
DA:9,1
DA:40,1
DA:46,1
DA:47,12
DA:48,12
DA:49,2
DA:50,2
DA:51,2
DA:53,10
DA:57,1
DA:58,6
DA:59,5
DA:60,5
DA:63,5
DA:64,5
DA:67,4
DA:68,4
DA:70,3
DA:71,1
DA:73,1
DA:86,2
DA:87,1
DA:88,1
DA:89,1
DA:91,0
DA:93,1
DA:98,1
DA:99,6
DA:100,5
DA:101,5
DA:102,5
DA:104,4
DA:105,2
DA:107,2
DA:108,1
DA:110,1
DA:111,1
DA:124,1
DA:129,1
DA:130,2
DA:131,2
DA:132,1
DA:134,1
LF:48
LH:47
BRDA:6,0,0,2
BRDA:6,0,1,2
BRDA:48,1,0,2
BRDA:48,1,1,10
BRDA:58,2,0,1
BRDA:58,2,1,5
BRDA:64,3,0,1
BRDA:64,3,1,4
BRDA:68,4,0,1
BRDA:68,4,1,3
BRDA:86,5,0,1
BRDA:86,5,1,1
BRDA:87,6,0,1
BRDA:87,6,1,0
BRDA:88,7,0,1
BRDA:88,7,1,0
BRDA:99,8,0,1
BRDA:99,8,1,5
BRDA:104,9,0,2
BRDA:104,9,1,2
BRDA:104,10,0,4
BRDA:104,10,1,3
BRDA:107,11,0,1
BRDA:107,11,1,1
BRF:24
BRH:22
end_of_record
TN:
SF:src\controllers\reportController.js
FN:5,(anonymous_0)
FN:28,(anonymous_1)
FN:35,(anonymous_2)
FN:44,(anonymous_3)
FN:112,(anonymous_4)
FN:129,(anonymous_5)
FN:181,(anonymous_6)
FN:186,(anonymous_7)
FN:229,(anonymous_8)
FN:230,(anonymous_9)
FN:235,(anonymous_10)
FNF:11
FNH:3
FNDA:3,(anonymous_0)
FNDA:3,(anonymous_1)
FNDA:3,(anonymous_2)
FNDA:0,(anonymous_3)
FNDA:0,(anonymous_4)
FNDA:0,(anonymous_5)
FNDA:0,(anonymous_6)
FNDA:0,(anonymous_7)
FNDA:0,(anonymous_8)
FNDA:0,(anonymous_9)
FNDA:0,(anonymous_10)
DA:1,1
DA:2,1
DA:5,1
DA:6,3
DA:7,3
DA:8,2
DA:9,2
DA:14,2
DA:23,1
DA:28,1
DA:29,3
DA:30,3
DA:31,3
DA:32,3
DA:34,3
DA:35,3
DA:37,2
DA:39,1
DA:44,1
DA:45,0
DA:46,0
DA:47,0
DA:49,0
DA:54,0
DA:55,0
DA:58,0
DA:60,0
DA:61,0
DA:63,0
DA:66,0
DA:67,0
DA:70,0
DA:71,0
DA:72,0
DA:75,0
DA:76,0
DA:77,0
DA:78,0
DA:79,0
DA:82,0
DA:83,0
DA:84,0
DA:85,0
DA:86,0
DA:87,0
DA:90,0
DA:91,0
DA:94,0
DA:95,0
DA:96,0
DA:98,0
DA:99,0
DA:100,0
DA:101,0
DA:102,0
DA:103,0
DA:104,0
DA:107,0
DA:108,0
DA:109,0
DA:111,0
DA:112,0
DA:113,0
DA:114,0
DA:115,0
DA:118,0
DA:120,0
DA:121,0
DA:124,0
DA:125,0
DA:126,0
DA:128,0
DA:129,0
DA:130,0
DA:131,0
DA:132,0
DA:135,0
DA:136,0
DA:137,0
DA:138,0
DA:140,0
DA:141,0
DA:144,0
DA:145,0
DA:148,0
DA:149,0
DA:150,0
DA:151,0
DA:152,0
DA:154,0
DA:155,0
DA:156,0
DA:157,0
DA:158,0
DA:159,0
DA:161,0
DA:162,0
DA:164,0
DA:167,0
DA:168,0
DA:169,0
DA:170,0
DA:171,0
DA:173,0
DA:175,0
DA:176,0
DA:181,1
DA:182,0
DA:183,0
DA:184,0
DA:186,0
DA:187,0
DA:188,0
DA:197,0
DA:202,0
DA:223,0
DA:224,0
DA:225,0
DA:228,0
DA:229,0
DA:230,0
DA:231,0
DA:232,0
DA:235,0
DA:236,0
DA:238,0
DA:240,0
DA:241,0
DA:242,0
DA:244,0
LF:130
LH:20
BRDA:19,0,0,2
BRDA:19,0,1,1
BRDA:32,1,0,1
BRDA:32,1,1,2
BRDA:54,2,0,0
BRDA:54,2,1,0
BRDA:66,3,0,0
BRDA:66,3,1,0
BRDA:84,4,0,0
BRDA:84,4,1,0
BRDA:86,5,0,0
BRDA:86,5,1,0
BRDA:98,6,0,0
BRDA:98,6,1,0
BRDA:100,7,0,0
BRDA:100,7,1,0
BRDA:101,8,0,0
BRDA:101,8,1,0
BRDA:101,8,2,0
BRDA:103,9,0,0
BRDA:103,9,1,0
BRDA:111,10,0,0
BRDA:111,10,1,0
BRDA:111,11,0,0
BRDA:111,11,1,0
BRDA:114,12,0,0
BRDA:114,12,1,0
BRDA:115,13,0,0
BRDA:115,13,1,0
BRDA:128,14,0,0
BRDA:128,14,1,0
BRDA:128,15,0,0
BRDA:128,15,1,0
BRDA:131,16,0,0
BRDA:131,16,1,0
BRDA:132,17,0,0
BRDA:132,17,1,0
BRDA:135,18,0,0
BRDA:135,18,1,0
BRDA:137,19,0,0
BRDA:137,19,1,0
BRDA:140,20,0,0
BRDA:140,20,1,0
BRDA:154,21,0,0
BRDA:154,21,1,0
BRDA:187,22,0,0
BRDA:187,22,1,0
BRDA:205,23,0,0
BRDA:205,23,1,0
BRDA:206,24,0,0
BRDA:206,24,1,0
BRDA:207,25,0,0
BRDA:207,25,1,0
BRDA:208,26,0,0
BRDA:208,26,1,0
BRDA:208,26,2,0
BRDA:210,27,0,0
BRDA:210,27,1,0
BRDA:211,28,0,0
BRDA:211,28,1,0
BRDA:216,29,0,0
BRDA:216,29,1,0
BRDA:217,30,0,0
BRDA:217,30,1,0
BRDA:218,31,0,0
BRDA:218,31,1,0
BRDA:219,32,0,0
BRDA:219,32,1,0
BRDA:231,33,0,0
BRDA:231,33,1,0
BRDA:232,34,0,0
BRDA:232,34,1,0
BRF:72
BRH:4
end_of_record
TN:
SF:src\middleware\auth.js
FN:4,(anonymous_0)
FN:24,(anonymous_1)
FNF:2
FNH:2
FNDA:5,(anonymous_0)
FNDA:3,(anonymous_1)
DA:1,1
DA:2,1
DA:4,1
DA:5,5
DA:6,5
DA:7,5
DA:9,4
DA:10,3
DA:11,3
DA:14,2
DA:15,1
DA:18,1
DA:20,1
DA:24,1
DA:25,3
DA:26,2
DA:27,1
LF:17
LH:17
BRDA:7,0,0,1
BRDA:7,0,1,4
BRDA:11,1,0,1
BRDA:11,1,1,2
BRDA:14,2,0,1
BRDA:14,2,1,1
BRDA:25,3,0,2
BRDA:25,3,1,1
BRF:8
BRH:8
end_of_record
TN:
SF:src\models\TaxDeclaration.js
FNF:0
FNH:0
DA:1,1
DA:4,1
DA:11,1
DA:18,1
DA:50,1
LF:5
LH:5
BRF:0
BRH:0
end_of_record
TN:
SF:src\models\User.js
FN:17,(anonymous_0)
FN:23,(anonymous_1)
FNF:2
FNH:0
FNDA:0,(anonymous_0)
FNDA:0,(anonymous_1)
DA:1,3
DA:2,3
DA:4,3
DA:17,3
DA:18,0
DA:19,0
DA:20,0
DA:23,3
DA:24,0
DA:27,3
LF:10
LH:6
BRDA:18,0,0,0
BRDA:18,0,1,0
BRF:2
BRH:0
end_of_record
TN:
SF:src\utils\taxCalculator.js
FN:8,(anonymous_0)
FN:32,(anonymous_1)
FNF:2
FNH:2
FNDA:5,(anonymous_0)
FNDA:2,(anonymous_1)
DA:1,1
DA:8,1
DA:9,5
DA:11,4
DA:12,4
DA:13,4
DA:15,4
DA:16,16
DA:18,14
DA:19,14
DA:20,14
DA:22,14
DA:23,14
DA:26,4
DA:32,1
DA:33,2
DA:34,2
DA:35,2
DA:38,1
LF:19
LH:19
BRDA:8,0,0,4
BRDA:9,1,0,1
BRDA:9,1,1,4
BRDA:13,2,0,1
BRDA:13,2,1,3
BRDA:13,3,0,4
BRDA:13,3,1,1
BRDA:16,4,0,2
BRDA:16,4,1,14
BRDA:18,5,0,12
BRDA:18,5,1,2
BRDA:32,6,0,0
BRF:12
BRH:11
end_of_record
